<?xml version="1.0" encoding="UTF-8"?>
<testng-results ignored="0" total="1" passed="1" failed="0" skipped="0">
  <reporter-output>
  </reporter-output>
  <suite started-at="2025-08-26T15:15:25 IST" name="FormAutomationSuite" finished-at="2025-08-26T15:15:44 IST" duration-ms="18551">
    <groups>
      <group name="cucumber">
        <method signature="AbstractTestNGCucumberTests.runScenario(io.cucumber.testng.PickleWrapper,io.cucumber.testng.FeatureWrapper)[pri:0, instance:TestRunner.TutorialTestRunner@48f2bd5b]" name="runScenario" class="io.cucumber.testng.AbstractTestNGCucumberTests"/>
      </group> <!-- cucumber -->
    </groups>
    <test started-at="2025-08-26T15:15:25 IST" name="FormTest" finished-at="2025-08-26T15:15:44 IST" duration-ms="18551">
      <class name="TestRunner.TutorialTestRunner">
        <test-method is-config="true" signature="setUpClass(org.testng.ITestContext)[pri:0, instance:TestRunner.TutorialTestRunner@48f2bd5b]" started-at="2025-08-26T15:15:26 IST" name="setUpClass" finished-at="2025-08-26T15:15:26 IST" duration-ms="494" status="PASS">
          <params>
            <param index="0">
              <value>
                <![CDATA[org.testng.TestRunner@39a87e72]]>
              </value>
            </param>
          </params>
          <reporter-output>
          </reporter-output>
        </test-method> <!-- setUpClass -->
        <test-method signature="runScenario(io.cucumber.testng.PickleWrapper,io.cucumber.testng.FeatureWrapper)[pri:0, instance:TestRunner.TutorialTestRunner@48f2bd5b]" started-at="2025-08-26T15:15:26 IST" name="runScenario" description="Runs Cucumber Scenarios" data-provider="scenarios" finished-at="2025-08-26T15:15:42 IST" duration-ms="15688" status="PASS">
          <params>
            <param index="0">
              <value>
                <![CDATA["Fill and submit the registration form"]]>
              </value>
            </param>
            <param index="1">
              <value>
                <![CDATA["Automate Student Registration Form"]]>
              </value>
            </param>
          </params>
          <reporter-output>
          </reporter-output>
        </test-method> <!-- runScenario -->
        <test-method is-config="true" signature="tearDownClass()[pri:0, instance:TestRunner.TutorialTestRunner@48f2bd5b]" started-at="2025-08-26T15:15:42 IST" name="tearDownClass" finished-at="2025-08-26T15:15:44 IST" duration-ms="2334" status="PASS">
          <reporter-output>
          </reporter-output>
        </test-method> <!-- tearDownClass -->
      </class> <!-- TestRunner.TutorialTestRunner -->
    </test> <!-- FormTest -->
  </suite> <!-- FormAutomationSuite -->
</testng-results>
